<?xml version="1.0" encoding="UTF-8"?>
<testsuite xmlns:xsi="http://www.w3.org/2001/XMLSchema-instance" xsi:noNamespaceSchemaLocation="https://maven.apache.org/surefire/maven-surefire-plugin/xsd/surefire-test-report-3.0.xsd" version="3.0" name="UsersTest" time="4.365" tests="5" errors="0" skipped="0" failures="0">
  <properties>
[...]
</properties>
  <testcase name="getListOfObjects" classname="UsersTest" time="0.783"/>
  <testcase name="CreateNewUsers" classname="UsersTest" time="0.531"/>
  <testcase name="getParamOfUsers" classname="UsersTest" time="0.493"/>
  <testcase name="schemeUserValidate" classname="UsersTest" time="1.184"/>
  <testcase name="deleteUser" classname="UsersTest" time="1.362"/>
</testsuite>