<?xml version="1.0" encoding="UTF-8"?>
<testsuite xmlns:xsi="http://www.w3.org/2001/XMLSchema-instance" xsi:noNamespaceSchemaLocation="https://maven.apache.org/surefire/maven-surefire-plugin/xsd/surefire-test-report-3.0.xsd" version="3.0" name="PostTest" time="16.862" tests="6" errors="2" skipped="0" failures="1">
  <properties>
[...]
</properties>
  <testcase name="putTitlePost" classname="PostTest" time="6.55">
    <error type="java.lang.IllegalArgumentException"><![CDATA[java.lang.IllegalArgumentException: Invalid number of path parameters. Expected 0, was 1. Redundant path parameters are: id=104799.
	at PostTest.putTitlePost(PostTest.java:105)
]]></error>
  </testcase>
  <testcase name="getParamOfPosts" classname="PostTest" time="0.765"/>
  <testcase name="deletePost" classname="PostTest" time="4.033">
    <failure type="java.lang.AssertionError"><![CDATA[java.lang.AssertionError: 
1 expectation failed.
Expected status code <204> but was <404>.

	at PostTest.deletePost(PostTest.java:70)
]]></failure>
    <system-out><![CDATA[HTTP/1.1 404 Not Found
Date: Mon, 26 Feb 2024 20:58:46 GMT
Content-Type: text/html; charset=utf-8
Transfer-Encoding: chunked
Connection: keep-alive
Cache-Control: no-cache
feature-policy: camera 'none'; gyroscope 'none'; microphone 'none'; usb 'none'; fullscreen 'self'
link: </assets/application-6286ef85f8dd095e49957bfc5b0cba0b68df3592774b35d0494027d130601970.css>; rel=preload; as=style; nopush
referrer-policy: strict-origin-when-cross-origin
vary: Origin
x-content-type-options: nosniff
x-download-options: noopen
x-frame-options: SAMEORIGIN
x-permitted-cross-domain-policies: none
x-request-id: bc6f9157-6063-4d3b-a020-831d4ab48dbc
x-runtime: 0.025154
x-xss-protection: 0
CF-Cache-Status: DYNAMIC
Report-To: {"endpoints":[{"url":"https:\/\/a.nel.cloudflare.com\/report\/v3?s=1TJ4JouP55Ih3uedg%2FWNxqADVc2JAKnaDaZ%2B5JIbtzPmqH3r8YHxaNQQVo6locU0LWw0hgqaqo2BotacDUZJ71hkedE2bW%2BCM1PJTgoWjBiT%2B1hXpZYTKFWpsnZtrcU%3D"}],"group":"cf-nel","max_age":604800}
NEL: {"success_fraction":0,"report_to":"cf-nel","max_age":604800}
Server: cloudflare
CF-RAY: 85bb1ba8283c9c6c-IAD
Content-Encoding: gzip
alt-svc: h3=":443"; ma=86400

<html>
  <head>
    <meta charset="utf-8"/>
    <meta name="viewport" content="width=device-width, initial-scale=1, shrink-to-fit=no"/>
    <link href="/favicon.ico" rel="icon" type="image/x-icon"/>
    <title>Page Not Found | GO REST</title>
    <link rel="stylesheet" href="/assets/application-6286ef85f8dd095e49957bfc5b0cba0b68df3592774b35d0494027d130601970.css" media="all" data-turbolinks-track="reload"/>
    <script defer="defer" src="/packs/js/application-194ed409298f13f197d2.js" data-turbolinks-track="reload"/>
    <script async="true" crossorigin="anonymous" src="https://pagead2.googlesyndication.com/pagead/js/adsbygoogle.js?client=ca-pub-4930099895671899"/>
    <script async="true" src="https://www.googletagmanager.com/gtag/js?id=G-7KR6VNWHWS"/>
    <script>window.dataLayer = window.dataLayer || [];function gtag(){dataLayer.push(arguments);}gtag('js', new Date());gtag('config', 'G-7KR6VNWHWS');</script>
  </head>
  <body>
    <nav class="navbar navbar-expand-lg navbar-dark bg-dark sticky-top">
      <div class="container">
        <a shape="rect" class="navbar-brand" href="/">
          <i class="fas fa-exchange-alt"/>
 Go REST        </a>
        <button type="button" class="navbar-toggler" aria-controls="AppNavBar" aria-expanded="false" aria-label="Toggle navigation" data-bs-target="#AppNavBar" data-bs-toggle="collapse">
          <span class="navbar-toggler-icon"/>
        </button>
        <div class="collapse navbar-collapse" id="AppNavBar">
          <ul class="navbar-nav ms-auto">
            <li class="nav-item">
              <a shape="rect" class="nav-link" href="/chandamama-stories">
                <i class="fas fa-cloud-moon"/>
 Chandamama Stories              </a>
            </li>
            <li class="nav-item">
              <a shape="rect" class="nav-link" href="/qa">
                <i class="fas fa-life-ring"/>
 Help              </a>
            </li>
            <li class="nav-item">
              <a shape="rect" class="nav-link" href="/rest-console">
                <i class="fab fa-linux"/>
 Rest Console              </a>
            </li>
            <li class="nav-item dropdown">
              <a shape="rect" class="nav-link dropdown-toggle" id="ToolsDropDown" aria-expanded="false" data-bs-toggle="dropdown" href="#" role="button">
                <i class="fas fa-tools"/>
 Tools              </a>
              <ul class="dropdown-menu" aria-labelledby="ToolsDropDown">
                <li class="class">
                  <a shape="rect" class="dropdown-item" href="/tools/base64-encode-decode">Base64 Encode/Decode</a>
                </li>
                <li class="class">
                  <a shape="rect" class="dropdown-item" href="/tools/url-encode-decode">Url Encode/Decode</a>
                </li>
                <li class="class">
                  <a shape="rect" class="dropdown-item" href="/tools/gcode-translator">G-Code Translator</a>
                </li>
              </ul>
            </li>
            <li class="nav-item">
              <a shape="rect" class="nav-link" href="/consumer/login">Login</a>
            </li>
          </ul>
        </div>
      </div>
    </nav>
    <div class="container pt-3">
      <style type="text/css">.code-text code {color: #bdbdbd;display: block;}.code-text code b {color: #81a2be;font-weight: 900;}.code-text code em {color: #b294bb;font-style: unset;}.code-text code i {color: #b5bd68;}.code-text code span {color: #f0c674;}</style>
      <div class="card text-white border-secondary bg-dark">
        <div class="card-header">
          <h1 class="card-title text-warning">
            <i class="fas fa-ghost text-white slide-right"/>
 HTTP: Not Found           </h1>
        </div>
        <div class="card-body">
          <h3 class="leaad code-text">
            <code class="mb-3">
              <span>this_page</span>
.              <em>not_found</em>
 = true            </code>
          </h3>
          <p class="lead code-text">
            <code class="mb-2">
              <span>if</span>
              <b>you_spelt_it_wrong</b>
              <br clear="none"/>
                <span>try_again</span>
              <br clear="none"/>
            </code>
            <code class="mb-2">
              <span>
elsif                 <b>we_screwed_up</b>
              </span>
              <br clear="none"/>
                <em>print</em>
              <i>"We're really sorry about that."</i>
              <br clear="none"/>
            </code>
            <code class="mb-2">
              <span>end</span>
            </code>
            <code class="mb-2">
              <span>redirect_to</span>
              <em>home_page</em>
            </code>
          </p>
        </div>
        <div class="card-footer">
          <p class="text-danger">We are sorry, something went wrong. Please try again later.</p>
        </div>
      </div>
    </div>
    <hr class="mt-5"/>
    <div class="container">
      <div class="footer">
        <ul class="list-inline">
          <li class="list-inline-item">© Go Rest 2024</li>
          <li class="list-inline-item float-lg-end">
            <a shape="rect" href="/privacy-policy">Privacy Policy</a>
          </li>
          <li class="list-inline-item float-lg-end me-3">
            <a shape="rect" href="/contact-us">Contact Us</a>
          </li>
        </ul>
      </div>
    </div>
  </body>
</html>
]]></system-out>
  </testcase>
  <testcase name="schemePostValidationTest" classname="PostTest" time="2.281"/>
  <testcase name="newPostCreate" classname="PostTest" time="1.838"/>
  <testcase name="patchTitlePost" classname="PostTest" time="1.252">
    <error type="java.lang.IllegalArgumentException"><![CDATA[java.lang.IllegalArgumentException: Invalid number of path parameters. Expected 0, was 1. Redundant path parameters are: id=104799.
	at PostTest.patchTitlePost(PostTest.java:85)
]]></error>
  </testcase>
</testsuite>